<?xml version="1.0" encoding="UTF-8"?><testsuite failures="1" name="cucumber.runtime.formatter.JUnitFormatter" skipped="0" tests="1" time="5.244245">
<testcase classname="Freelancer - Login Functionality" name="Login Freelancer Application" time="5.244245">
<failure message="java.lang.NoClassDefFoundError: org/openqa/selenium/interactions/HasTouchScreen&#13;&#10;&#9;at java.lang.ClassLoader.defineClass1(Native Method)&#13;&#10;&#9;at java.lang.ClassLoader.defineClass(ClassLoader.java:763)&#13;&#10;&#9;at java.security.SecureClassLoader.defineClass(SecureClassLoader.java:142)&#13;&#10;&#9;at java.net.URLClassLoader.defineClass(URLClassLoader.java:468)&#13;&#10;&#9;at java.net.URLClassLoader.access$100(URLClassLoader.java:74)&#13;&#10;&#9;at java.net.URLClassLoader$1.run(URLClassLoader.java:369)&#13;&#10;&#9;at java.net.URLClassLoader$1.run(URLClassLoader.java:363)&#13;&#10;&#9;at java.security.AccessController.doPrivileged(Native Method)&#13;&#10;&#9;at java.net.URLClassLoader.findClass(URLClassLoader.java:362)&#13;&#10;&#9;at java.lang.ClassLoader.loadClass(ClassLoader.java:424)&#13;&#10;&#9;at sun.misc.Launcher$AppClassLoader.loadClass(Launcher.java:349)&#13;&#10;&#9;at java.lang.ClassLoader.loadClass(ClassLoader.java:357)&#13;&#10;&#9;at com.freelancer.ui.automation.core.BaseTest.getChromeDriver(BaseTest.java:109)&#13;&#10;&#9;at com.freelancer.ui.automation.core.BaseTest.getDriver(BaseTest.java:46)&#13;&#10;&#9;at com.freelancer.ui.automation.core.BaseTest.launchBrowser(BaseTest.java:135)&#13;&#10;&#9;at com.freelancer.ui.automation.core.FreeLancerBaseTest.setUp(FreeLancerBaseTest.java:37)&#13;&#10;&#9;at com.freelancer.ui.automation.core.FreeLancerBaseTest.launchApplication(FreeLancerBaseTest.java:32)&#13;&#10;&#9;at steps.freelancer.FreeLancerStepDefs.loginIntoFreelancerApplication(FreeLancerStepDefs.java:103)&#13;&#10;&#9;at ✽.Given Login Into FREELANCER Application(src/test/resources/featurefiles/FREELANCER/LoginPage.feature:4)&#13;&#10;Caused by: java.lang.ClassNotFoundException: org.openqa.selenium.interactions.HasTouchScreen&#13;&#10;&#9;at java.net.URLClassLoader.findClass(URLClassLoader.java:382)&#13;&#10;&#9;at java.lang.ClassLoader.loadClass(ClassLoader.java:424)&#13;&#10;&#9;at sun.misc.Launcher$AppClassLoader.loadClass(Launcher.java:349)&#13;&#10;&#9;at java.lang.ClassLoader.loadClass(ClassLoader.java:357)&#13;&#10;&#9;at java.lang.ClassLoader.defineClass1(Native Method)&#13;&#10;&#9;at java.lang.ClassLoader.defineClass(ClassLoader.java:763)&#13;&#10;&#9;at java.security.SecureClassLoader.defineClass(SecureClassLoader.java:142)&#13;&#10;&#9;at java.net.URLClassLoader.defineClass(URLClassLoader.java:468)&#13;&#10;&#9;at java.net.URLClassLoader.access$100(URLClassLoader.java:74)&#13;&#10;&#9;at java.net.URLClassLoader$1.run(URLClassLoader.java:369)&#13;&#10;&#9;at java.net.URLClassLoader$1.run(URLClassLoader.java:363)&#13;&#10;&#9;at java.security.AccessController.doPrivileged(Native Method)&#13;&#10;&#9;at java.net.URLClassLoader.findClass(URLClassLoader.java:362)&#13;&#10;&#9;at java.lang.ClassLoader.loadClass(ClassLoader.java:424)&#13;&#10;&#9;at sun.misc.Launcher$AppClassLoader.loadClass(Launcher.java:349)&#13;&#10;&#9;at java.lang.ClassLoader.loadClass(ClassLoader.java:357)&#13;&#10;&#9;at com.freelancer.ui.automation.core.BaseTest.getChromeDriver(BaseTest.java:109)&#13;&#10;&#9;at com.freelancer.ui.automation.core.BaseTest.getDriver(BaseTest.java:46)&#13;&#10;&#9;at com.freelancer.ui.automation.core.BaseTest.launchBrowser(BaseTest.java:135)&#13;&#10;&#9;at com.freelancer.ui.automation.core.FreeLancerBaseTest.setUp(FreeLancerBaseTest.java:37)&#13;&#10;&#9;at com.freelancer.ui.automation.core.FreeLancerBaseTest.launchApplication(FreeLancerBaseTest.java:32)&#13;&#10;&#9;at steps.freelancer.FreeLancerStepDefs.loginIntoFreelancerApplication(FreeLancerStepDefs.java:103)&#13;&#10;&#9;at sun.reflect.NativeMethodAccessorImpl.invoke0(Native Method)&#13;&#10;&#9;at sun.reflect.NativeMethodAccessorImpl.invoke(NativeMethodAccessorImpl.java:62)&#13;&#10;&#9;at sun.reflect.DelegatingMethodAccessorImpl.invoke(DelegatingMethodAccessorImpl.java:43)&#13;&#10;&#9;at java.lang.reflect.Method.invoke(Method.java:498)&#13;&#10;&#9;at cucumber.runtime.Utils$1.call(Utils.java:40)&#13;&#10;&#9;at cucumber.runtime.Timeout.timeout(Timeout.java:16)&#13;&#10;&#9;at cucumber.runtime.Utils.invoke(Utils.java:34)&#13;&#10;&#9;at cucumber.runtime.java.JavaStepDefinition.execute(JavaStepDefinition.java:38)&#13;&#10;&#9;at cucumber.runtime.StepDefinitionMatch.runStep(StepDefinitionMatch.java:37)&#13;&#10;&#9;at cucumber.runtime.Runtime.runStep(Runtime.java:300)&#13;&#10;&#9;at cucumber.runtime.model.StepContainer.runStep(StepContainer.java:44)&#13;&#10;&#9;at cucumber.runtime.model.StepContainer.runSteps(StepContainer.java:39)&#13;&#10;&#9;at cucumber.runtime.model.CucumberScenario.run(CucumberScenario.java:44)&#13;&#10;&#9;at com.github.mkolisnyk.cucumber.runner.ExtendedExecutionUnitRunner.run(ExtendedExecutionUnitRunner.java:32)&#13;&#10;&#9;at com.github.mkolisnyk.cucumber.runner.ExtendedFeatureRunner.runChild(ExtendedFeatureRunner.java:99)&#13;&#10;&#9;at com.github.mkolisnyk.cucumber.runner.ExtendedFeatureRunner.runChild(ExtendedFeatureRunner.java:24)&#13;&#10;&#9;at org.junit.runners.ParentRunner$4.run(ParentRunner.java:331)&#13;&#10;&#9;at org.junit.runners.ParentRunner$1.schedule(ParentRunner.java:79)&#13;&#10;&#9;at org.junit.runners.ParentRunner.runChildren(ParentRunner.java:329)&#13;&#10;&#9;at org.junit.runners.ParentRunner.access$100(ParentRunner.java:66)&#13;&#10;&#9;at org.junit.runners.ParentRunner$2.evaluate(ParentRunner.java:293)&#13;&#10;&#9;at org.junit.runners.ParentRunner$3.evaluate(ParentRunner.java:306)&#13;&#10;&#9;at org.junit.runners.ParentRunner.run(ParentRunner.java:413)&#13;&#10;&#9;at cucumber.runtime.junit.FeatureRunner.run(FeatureRunner.java:70)&#13;&#10;&#9;at com.github.mkolisnyk.cucumber.runner.ExtendedCucumber.runChild(ExtendedCucumber.java:107)&#13;&#10;&#9;at com.github.mkolisnyk.cucumber.runner.ExtendedCucumber.runChild(ExtendedCucumber.java:31)&#13;&#10;&#9;at org.junit.runners.ParentRunner$4.run(ParentRunner.java:331)&#13;&#10;&#9;at org.junit.runners.ParentRunner$1.schedule(ParentRunner.java:79)&#13;&#10;&#9;at org.junit.runners.ParentRunner.runChildren(ParentRunner.java:329)&#13;&#10;&#9;at org.junit.runners.ParentRunner.access$100(ParentRunner.java:66)&#13;&#10;&#9;at org.junit.runners.ParentRunner$2.evaluate(ParentRunner.java:293)&#13;&#10;&#9;at org.junit.runners.ParentRunner$3.evaluate(ParentRunner.java:306)&#13;&#10;&#9;at org.junit.runners.ParentRunner.run(ParentRunner.java:413)&#13;&#10;&#9;at com.github.mkolisnyk.cucumber.runner.ExtendedCucumber.run(ExtendedCucumber.java:147)&#13;&#10;&#9;at org.junit.runner.JUnitCore.run(JUnitCore.java:137)&#13;&#10;&#9;at com.intellij.junit4.JUnit4IdeaTestRunner.startRunnerWithArgs(JUnit4IdeaTestRunner.java:68)&#13;&#10;&#9;at com.intellij.rt.execution.junit.IdeaTestRunner$Repeater.startRunnerWithArgs(IdeaTestRunner.java:47)&#13;&#10;&#9;at com.intellij.rt.execution.junit.JUnitStarter.prepareStreamsAndStart(JUnitStarter.java:242)&#13;&#10;&#9;at com.intellij.rt.execution.junit.JUnitStarter.main(JUnitStarter.java:70)&#13;&#10;"><![CDATA[Given Login Into FREELANCER Application.....................................failed
Then Verify Dashboard Button Is Displayed In Home Page......................skipped
Given Close The FREELANCER Application......................................skipped

StackTrace:
java.lang.NoClassDefFoundError: org/openqa/selenium/interactions/HasTouchScreen
	at java.lang.ClassLoader.defineClass1(Native Method)
	at java.lang.ClassLoader.defineClass(ClassLoader.java:763)
	at java.security.SecureClassLoader.defineClass(SecureClassLoader.java:142)
	at java.net.URLClassLoader.defineClass(URLClassLoader.java:468)
	at java.net.URLClassLoader.access$100(URLClassLoader.java:74)
	at java.net.URLClassLoader$1.run(URLClassLoader.java:369)
	at java.net.URLClassLoader$1.run(URLClassLoader.java:363)
	at java.security.AccessController.doPrivileged(Native Method)
	at java.net.URLClassLoader.findClass(URLClassLoader.java:362)
	at java.lang.ClassLoader.loadClass(ClassLoader.java:424)
	at sun.misc.Launcher$AppClassLoader.loadClass(Launcher.java:349)
	at java.lang.ClassLoader.loadClass(ClassLoader.java:357)
	at com.freelancer.ui.automation.core.BaseTest.getChromeDriver(BaseTest.java:109)
	at com.freelancer.ui.automation.core.BaseTest.getDriver(BaseTest.java:46)
	at com.freelancer.ui.automation.core.BaseTest.launchBrowser(BaseTest.java:135)
	at com.freelancer.ui.automation.core.FreeLancerBaseTest.setUp(FreeLancerBaseTest.java:37)
	at com.freelancer.ui.automation.core.FreeLancerBaseTest.launchApplication(FreeLancerBaseTest.java:32)
	at steps.freelancer.FreeLancerStepDefs.loginIntoFreelancerApplication(FreeLancerStepDefs.java:103)
	at ✽.Given Login Into FREELANCER Application(src/test/resources/featurefiles/FREELANCER/LoginPage.feature:4)
Caused by: java.lang.ClassNotFoundException: org.openqa.selenium.interactions.HasTouchScreen
	at java.net.URLClassLoader.findClass(URLClassLoader.java:382)
	at java.lang.ClassLoader.loadClass(ClassLoader.java:424)
	at sun.misc.Launcher$AppClassLoader.loadClass(Launcher.java:349)
	at java.lang.ClassLoader.loadClass(ClassLoader.java:357)
	at java.lang.ClassLoader.defineClass1(Native Method)
	at java.lang.ClassLoader.defineClass(ClassLoader.java:763)
	at java.security.SecureClassLoader.defineClass(SecureClassLoader.java:142)
	at java.net.URLClassLoader.defineClass(URLClassLoader.java:468)
	at java.net.URLClassLoader.access$100(URLClassLoader.java:74)
	at java.net.URLClassLoader$1.run(URLClassLoader.java:369)
	at java.net.URLClassLoader$1.run(URLClassLoader.java:363)
	at java.security.AccessController.doPrivileged(Native Method)
	at java.net.URLClassLoader.findClass(URLClassLoader.java:362)
	at java.lang.ClassLoader.loadClass(ClassLoader.java:424)
	at sun.misc.Launcher$AppClassLoader.loadClass(Launcher.java:349)
	at java.lang.ClassLoader.loadClass(ClassLoader.java:357)
	at com.freelancer.ui.automation.core.BaseTest.getChromeDriver(BaseTest.java:109)
	at com.freelancer.ui.automation.core.BaseTest.getDriver(BaseTest.java:46)
	at com.freelancer.ui.automation.core.BaseTest.launchBrowser(BaseTest.java:135)
	at com.freelancer.ui.automation.core.FreeLancerBaseTest.setUp(FreeLancerBaseTest.java:37)
	at com.freelancer.ui.automation.core.FreeLancerBaseTest.launchApplication(FreeLancerBaseTest.java:32)
	at steps.freelancer.FreeLancerStepDefs.loginIntoFreelancerApplication(FreeLancerStepDefs.java:103)
	at sun.reflect.NativeMethodAccessorImpl.invoke0(Native Method)
	at sun.reflect.NativeMethodAccessorImpl.invoke(NativeMethodAccessorImpl.java:62)
	at sun.reflect.DelegatingMethodAccessorImpl.invoke(DelegatingMethodAccessorImpl.java:43)
	at java.lang.reflect.Method.invoke(Method.java:498)
	at cucumber.runtime.Utils$1.call(Utils.java:40)
	at cucumber.runtime.Timeout.timeout(Timeout.java:16)
	at cucumber.runtime.Utils.invoke(Utils.java:34)
	at cucumber.runtime.java.JavaStepDefinition.execute(JavaStepDefinition.java:38)
	at cucumber.runtime.StepDefinitionMatch.runStep(StepDefinitionMatch.java:37)
	at cucumber.runtime.Runtime.runStep(Runtime.java:300)
	at cucumber.runtime.model.StepContainer.runStep(StepContainer.java:44)
	at cucumber.runtime.model.StepContainer.runSteps(StepContainer.java:39)
	at cucumber.runtime.model.CucumberScenario.run(CucumberScenario.java:44)
	at com.github.mkolisnyk.cucumber.runner.ExtendedExecutionUnitRunner.run(ExtendedExecutionUnitRunner.java:32)
	at com.github.mkolisnyk.cucumber.runner.ExtendedFeatureRunner.runChild(ExtendedFeatureRunner.java:99)
	at com.github.mkolisnyk.cucumber.runner.ExtendedFeatureRunner.runChild(ExtendedFeatureRunner.java:24)
	at org.junit.runners.ParentRunner$4.run(ParentRunner.java:331)
	at org.junit.runners.ParentRunner$1.schedule(ParentRunner.java:79)
	at org.junit.runners.ParentRunner.runChildren(ParentRunner.java:329)
	at org.junit.runners.ParentRunner.access$100(ParentRunner.java:66)
	at org.junit.runners.ParentRunner$2.evaluate(ParentRunner.java:293)
	at org.junit.runners.ParentRunner$3.evaluate(ParentRunner.java:306)
	at org.junit.runners.ParentRunner.run(ParentRunner.java:413)
	at cucumber.runtime.junit.FeatureRunner.run(FeatureRunner.java:70)
	at com.github.mkolisnyk.cucumber.runner.ExtendedCucumber.runChild(ExtendedCucumber.java:107)
	at com.github.mkolisnyk.cucumber.runner.ExtendedCucumber.runChild(ExtendedCucumber.java:31)
	at org.junit.runners.ParentRunner$4.run(ParentRunner.java:331)
	at org.junit.runners.ParentRunner$1.schedule(ParentRunner.java:79)
	at org.junit.runners.ParentRunner.runChildren(ParentRunner.java:329)
	at org.junit.runners.ParentRunner.access$100(ParentRunner.java:66)
	at org.junit.runners.ParentRunner$2.evaluate(ParentRunner.java:293)
	at org.junit.runners.ParentRunner$3.evaluate(ParentRunner.java:306)
	at org.junit.runners.ParentRunner.run(ParentRunner.java:413)
	at com.github.mkolisnyk.cucumber.runner.ExtendedCucumber.run(ExtendedCucumber.java:147)
	at org.junit.runner.JUnitCore.run(JUnitCore.java:137)
	at com.intellij.junit4.JUnit4IdeaTestRunner.startRunnerWithArgs(JUnit4IdeaTestRunner.java:68)
	at com.intellij.rt.execution.junit.IdeaTestRunner$Repeater.startRunnerWithArgs(IdeaTestRunner.java:47)
	at com.intellij.rt.execution.junit.JUnitStarter.prepareStreamsAndStart(JUnitStarter.java:242)
	at com.intellij.rt.execution.junit.JUnitStarter.main(JUnitStarter.java:70)
]]></failure>
</testcase>
</testsuite>
